<?xml version="1.0" encoding="utf-8"?>
<test-run id="2" testcasecount="1" result="Passed" total="1" passed="1" failed="0" inconclusive="0" skipped="0" asserts="0" engine-version="3.5.0.0" clr-version="4.0.30319.42000" start-time="2020-11-08 10:40:57Z" end-time="2020-11-08 10:40:57Z" duration="0.1049057">
  <test-suite type="TestSuite" id="3377" name="Mirror" fullname="Mirror" runstate="Runnable" testcasecount="1935" result="Passed" start-time="2020-11-08 10:40:57Z" end-time="2020-11-08 10:40:57Z" duration="0.104906" total="1" passed="1" failed="0" inconclusive="0" skipped="0" asserts="0">
    <properties />
    <test-suite type="Assembly" id="5738" name="Mirror.Tests.dll" fullname="/Users/qwerty/x/dev/project_Mirror/Repository/Library/ScriptAssemblies/Mirror.Tests.dll" runstate="Runnable" testcasecount="1929" result="Passed" start-time="2020-11-08 10:40:57Z" end-time="2020-11-08 10:40:57Z" duration="0.073940" total="1" passed="1" failed="0" inconclusive="0" skipped="0" asserts="0">
      <properties>
        <property name="_PID" value="6629" />
        <property name="_APPDOMAIN" value="Unity Child Domain" />
      </properties>
      <test-suite type="TestSuite" id="5739" name="Mirror" fullname="Mirror" runstate="Runnable" testcasecount="1929" result="Passed" start-time="2020-11-08 10:40:57Z" end-time="2020-11-08 10:40:57Z" duration="0.066738" total="1" passed="1" failed="0" inconclusive="0" skipped="0" asserts="0">
        <properties />
        <test-suite type="TestSuite" id="5742" name="Tests" fullname="Mirror.Tests" runstate="Runnable" testcasecount="1746" result="Passed" start-time="2020-11-08 10:40:57Z" end-time="2020-11-08 10:40:57Z" duration="0.061087" total="1" passed="1" failed="0" inconclusive="0" skipped="0" asserts="0">
          <properties />
          <test-suite type="TestFixture" id="4449" name="NetworkWriterTest" fullname="Mirror.Tests.NetworkWriterTest" classname="Mirror.Tests.NetworkWriterTest" runstate="Runnable" testcasecount="54" result="Passed" start-time="2020-11-08 10:40:57Z" end-time="2020-11-08 10:40:57Z" duration="0.053002" total="1" passed="1" failed="0" inconclusive="0" skipped="0" asserts="0">
            <properties />
            <test-case id="4452" name="TestWritingHugeArray" fullname="Mirror.Tests.NetworkWriterTest.TestWritingHugeArray" methodname="TestWritingHugeArray" classname="Mirror.Tests.NetworkWriterTest" runstate="Runnable" seed="1559211220" result="Passed" start-time="2020-11-08 10:40:57Z" end-time="2020-11-08 10:40:57Z" duration="0.027775" asserts="0">
              <properties />
            </test-case>
          </test-suite>
        </test-suite>
      </test-suite>
    </test-suite>
  </test-suite>
</test-run>